<?xml version="1.0" encoding="UTF-8"?>
<testng-results ignored="0" total="1" passed="1" failed="0" skipped="0">
  <reporter-output>
  </reporter-output>
  <suite started-at="2021-05-04T23:05:13 IST" name="Suite" finished-at="2021-05-04T23:05:24 IST" duration-ms="10760">
    <groups>
    </groups>
    <test started-at="2021-05-04T23:05:13 IST" name="Test" finished-at="2021-05-04T23:05:24 IST" duration-ms="10760">
      <class name="TestCases.function">
        <test-method is-config="true" signature="beforeMethod()[pri:0, instance:TestCases.function@2ddc8ecb]" started-at="2021-05-04T23:05:13 IST" name="beforeMethod" finished-at="2021-05-04T23:05:15 IST" duration-ms="2172" status="PASS">
          <reporter-output>
          </reporter-output>
        </test-method> <!-- beforeMethod -->
        <test-method signature="f()[pri:0, instance:TestCases.function@2ddc8ecb]" started-at="2021-05-04T23:05:15 IST" name="f" finished-at="2021-05-04T23:05:23 IST" duration-ms="8262" status="PASS">
          <reporter-output>
          </reporter-output>
        </test-method> <!-- f -->
        <test-method is-config="true" signature="afterMethod()[pri:0, instance:TestCases.function@2ddc8ecb]" started-at="2021-05-04T23:05:23 IST" name="afterMethod" finished-at="2021-05-04T23:05:24 IST" duration-ms="168" status="PASS">
          <reporter-output>
          </reporter-output>
        </test-method> <!-- afterMethod -->
      </class> <!-- TestCases.function -->
    </test> <!-- Test -->
  </suite> <!-- Suite -->
</testng-results>
